[
  {
    "Plan": {
      "Node Type": "Sort",
      "Parallel Aware": false,
      "Async Capable": false,
      "Startup Cost": 8234.56,
      "Total Cost": 8345.67,
      "Plan Rows": 1500,
      "Plan Width": 256,
      "Actual Startup Time": 78.123,
      "Actual Total Time": 89.456,
      "Actual Rows": 1523,
      "Actual Loops": 1,
      "Sort Key": ["menu_items.number", "items.date", "items.id"],
      "Sort Method": "quicksort",
      "Sort Space Used": 2048,
      "Sort Space Type": "Memory",
      "Shared Hit Blocks": 52345,
      "Shared Read Blocks": 890,
      "Shared Dirtied Blocks": 0,
      "Shared Written Blocks": 0,
      "Local Hit Blocks": 0,
      "Local Read Blocks": 0,
      "Temp Read Blocks": 0,
      "Temp Written Blocks": 0,
      "I/O Read Time": 4.567,
      "I/O Write Time": 0.0,
      "Plans": [
        {
          "Node Type": "Hash Join",
          "Parent Relationship": "Outer",
          "Parallel Aware": false,
          "Async Capable": false,
          "Join Type": "Left",
          "Startup Cost": 5678.90,
          "Total Cost": 8123.45,
          "Plan Rows": 1500,
          "Plan Width": 256,
          "Actual Startup Time": 56.789,
          "Actual Total Time": 78.012,
          "Actual Rows": 1523,
          "Actual Loops": 1,
          "Inner Unique": false,
          "Hash Cond": "(items.menu_item = menu_items.id)",
          "Shared Hit Blocks": 41234,
          "Shared Read Blocks": 456,
          "Shared Dirtied Blocks": 0,
          "Shared Written Blocks": 0,
          "Plans": [
            {
              "Node Type": "Hash Join",
              "Parent Relationship": "Outer",
              "Parallel Aware": false,
              "Async Capable": false,
              "Join Type": "Left",
              "Startup Cost": 3456.78,
              "Total Cost": 5890.12,
              "Plan Rows": 1500,
              "Plan Width": 200,
              "Actual Startup Time": 34.567,
              "Actual Total Time": 56.678,
              "Actual Rows": 1523,
              "Actual Loops": 1,
              "Inner Unique": false,
              "Hash Cond": "(items.restaurant_id = restaurants.id)",
              "Shared Hit Blocks": 30123,
              "Shared Read Blocks": 234,
              "Shared Dirtied Blocks": 0,
              "Shared Written Blocks": 0,
              "Plans": [
                {
                  "Node Type": "Index Scan",
                  "Parent Relationship": "Outer",
                  "Parallel Aware": false,
                  "Async Capable": false,
                  "Scan Direction": "Forward",
                  "Index Name": "index_items_on_company_date",
                  "Relation Name": "items",
                  "Alias": "items",
                  "Startup Cost": 0.56,
                  "Total Cost": 3456.78,
                  "Plan Rows": 1500,
                  "Plan Width": 150,
                  "Actual Startup Time": 0.089,
                  "Actual Total Time": 23.456,
                  "Actual Rows": 1523,
                  "Actual Loops": 1,
                  "Index Cond": "((company_id = 10000) AND (date >= '2025-08-01'::date) AND (date <= '2025-08-31'::date))",
                  "Shared Hit Blocks": 18912,
                  "Shared Read Blocks": 123,
                  "Shared Dirtied Blocks": 0,
                  "Shared Written Blocks": 0
                },
                {
                  "Node Type": "Hash",
                  "Parent Relationship": "Inner",
                  "Parallel Aware": false,
                  "Async Capable": false,
                  "Startup Cost": 234.56,
                  "Total Cost": 234.56,
                  "Plan Rows": 45,
                  "Plan Width": 50,
                  "Actual Startup Time": 11.123,
                  "Actual Total Time": 11.123,
                  "Actual Rows": 45,
                  "Actual Loops": 1,
                  "Hash Buckets": 1024,
                  "Original Hash Buckets": 1024,
                  "Hash Batches": 1,
                  "Original Hash Batches": 1,
                  "Peak Memory Usage": 10,
                  "Shared Hit Blocks": 5,
                  "Shared Read Blocks": 0,
                  "Shared Dirtied Blocks": 0,
                  "Shared Written Blocks": 0,
                  "Plans": [
                    {
                      "Node Type": "Index Scan",
                      "Parent Relationship": "Outer",
                      "Parallel Aware": false,
                      "Async Capable": false,
                      "Scan Direction": "Forward",
                      "Index Name": "index_restaurants_on_company_id",
                      "Relation Name": "restaurants",
                      "Alias": "restaurants",
                      "Startup Cost": 0.43,
                      "Total Cost": 234.56,
                      "Plan Rows": 45,
                      "Plan Width": 50,
                      "Actual Startup Time": 0.234,
                      "Actual Total Time": 10.901,
                      "Actual Rows": 45,
                      "Actual Loops": 1,
                      "Index Cond": "(company_id = 10000)",
                      "Shared Hit Blocks": 5,
                      "Shared Read Blocks": 0,
                      "Shared Dirtied Blocks": 0,
                      "Shared Written Blocks": 0
                    }
                  ]
                }
              ]
            },
            {
              "Node Type": "Hash",
              "Parent Relationship": "Inner",
              "Parallel Aware": false,
              "Async Capable": false,
              "Startup Cost": 456.78,
              "Total Cost": 456.78,
              "Plan Rows": 1234,
              "Plan Width": 56,
              "Actual Startup Time": 22.234,
              "Actual Total Time": 22.234,
              "Actual Rows": 1234,
              "Actual Loops": 1,
              "Hash Buckets": 2048,
              "Original Hash Buckets": 2048,
              "Hash Batches": 1,
              "Original Hash Batches": 1,
              "Peak Memory Usage": 125,
              "Shared Hit Blocks": 11111,
              "Shared Read Blocks": 222,
              "Shared Dirtied Blocks": 0,
              "Shared Written Blocks": 0,
              "Plans": [
                {
                  "Node Type": "Index Scan",
                  "Parent Relationship": "Outer",
                  "Parallel Aware": false,
                  "Async Capable": false,
                  "Scan Direction": "Forward",
                  "Index Name": "index_menu_items_on_company_id",
                  "Relation Name": "menu_items",
                  "Alias": "menu_items",
                  "Startup Cost": 0.56,
                  "Total Cost": 456.78,
                  "Plan Rows": 1234,
                  "Plan Width": 56,
                  "Actual Startup Time": 0.345,
                  "Actual Total Time": 22.012,
                  "Actual Rows": 1234,
                  "Actual Loops": 1,
                  "Index Cond": "(company_id = 10000)",
                  "Shared Hit Blocks": 11111,
                  "Shared Read Blocks": 222,
                  "Shared Dirtied Blocks": 0,
                  "Shared Written Blocks": 0
                }
              ]
            }
          ]
        }
      ]
    },
    "Planning Time": 1.987,
    "Triggers": [],
    "Execution Time": 89.678
  }
]
