[
  {
    "Plan": {
      "Node Type": "Sort",
      "Parallel Aware": false,
      "Async Capable": false,
      "Startup Cost": 12345.67,
      "Total Cost": 12456.78,
      "Plan Rows": 1500,
      "Plan Width": 256,
      "Actual Startup Time": 145.234,
      "Actual Total Time": 156.789,
      "Actual Rows": 1523,
      "Actual Loops": 1,
      "Sort Key": ["menu_items.number", "items.date", "items.id"],
      "Sort Method": "quicksort",
      "Sort Space Used": 2048,
      "Sort Space Type": "Memory",
      "Shared Hit Blocks": 45678,
      "Shared Read Blocks": 2345,
      "Shared Dirtied Blocks": 0,
      "Shared Written Blocks": 0,
      "Local Hit Blocks": 0,
      "Local Read Blocks": 0,
      "Temp Read Blocks": 0,
      "Temp Written Blocks": 0,
      "I/O Read Time": 12.345,
      "I/O Write Time": 0.0,
      "Plans": [
        {
          "Node Type": "Hash Join",
          "Parent Relationship": "Outer",
          "Parallel Aware": false,
          "Async Capable": false,
          "Join Type": "Left",
          "Startup Cost": 8234.56,
          "Total Cost": 12234.56,
          "Plan Rows": 1500,
          "Plan Width": 256,
          "Actual Startup Time": 98.456,
          "Actual Total Time": 145.123,
          "Actual Rows": 1523,
          "Actual Loops": 1,
          "Inner Unique": false,
          "Hash Cond": "(items.menu_item_id = menu_items.id)",
          "Shared Hit Blocks": 34567,
          "Shared Read Blocks": 1234,
          "Shared Dirtied Blocks": 0,
          "Shared Written Blocks": 0,
          "Plans": [
            {
              "Node Type": "Hash Join",
              "Parent Relationship": "Outer",
              "Parallel Aware": false,
              "Async Capable": false,
              "Join Type": "Left",
              "Startup Cost": 4567.89,
              "Total Cost": 8912.34,
              "Plan Rows": 1500,
              "Plan Width": 200,
              "Actual Startup Time": 67.890,
              "Actual Total Time": 98.234,
              "Actual Rows": 1523,
              "Actual Loops": 1,
              "Inner Unique": false,
              "Hash Cond": "(items.restaurant_id = restaurants.id)",
              "Shared Hit Blocks": 23456,
              "Shared Read Blocks": 890,
              "Shared Dirtied Blocks": 0,
              "Shared Written Blocks": 0,
              "Plans": [
                {
                  "Node Type": "Seq Scan",
                  "Parent Relationship": "Outer",
                  "Parallel Aware": false,
                  "Async Capable": false,
                  "Relation Name": "items",
                  "Alias": "items",
                  "Startup Cost": 0.0,
                  "Total Cost": 4567.89,
                  "Plan Rows": 1500,
                  "Plan Width": 150,
                  "Actual Startup Time": 0.123,
                  "Actual Total Time": 45.678,
                  "Actual Rows": 1523,
                  "Actual Loops": 1,
                  "Filter": "((company_id = 1000) AND (date >= '2025-08-01'::date) AND (date <= '2025-08-31'::date))",
                  "Rows Removed by Filter": 125678,
                  "Shared Hit Blocks": 12345,
                  "Shared Read Blocks": 567,
                  "Shared Dirtied Blocks": 0,
                  "Shared Written Blocks": 0
                },
                {
                  "Node Type": "Hash",
                  "Parent Relationship": "Inner",
                  "Parallel Aware": false,
                  "Async Capable": false,
                  "Startup Cost": 234.56,
                  "Total Cost": 234.56,
                  "Plan Rows": 45,
                  "Plan Width": 50,
                  "Actual Startup Time": 12.345,
                  "Actual Total Time": 12.345,
                  "Actual Rows": 45,
                  "Actual Loops": 1,
                  "Hash Buckets": 1024,
                  "Original Hash Buckets": 1024,
                  "Hash Batches": 1,
                  "Original Hash Batches": 1,
                  "Peak Memory Usage": 10,
                  "Shared Hit Blocks": 5,
                  "Shared Read Blocks": 0,
                  "Shared Dirtied Blocks": 0,
                  "Shared Written Blocks": 0,
                  "Plans": [
                    {
                      "Node Type": "Index Scan",
                      "Parent Relationship": "Outer",
                      "Parallel Aware": false,
                      "Async Capable": false,
                      "Scan Direction": "Forward",
                      "Index Name": "index_restaurants_on_company_id",
                      "Relation Name": "restaurants",
                      "Alias": "restaurants",
                      "Startup Cost": 0.43,
                      "Total Cost": 234.56,
                      "Plan Rows": 45,
                      "Plan Width": 50,
                      "Actual Startup Time": 0.234,
                      "Actual Total Time": 12.123,
                      "Actual Rows": 45,
                      "Actual Loops": 1,
                      "Index Cond": "(company_id = 1000)",
                      "Shared Hit Blocks": 5,
                      "Shared Read Blocks": 0,
                      "Shared Dirtied Blocks": 0,
                      "Shared Written Blocks": 0
                    }
                  ]
                }
              ]
            },
            {
              "Node Type": "Hash",
              "Parent Relationship": "Inner",
              "Parallel Aware": false,
              "Async Capable": false,
              "Startup Cost": 456.78,
              "Total Cost": 456.78,
              "Plan Rows": 1234,
              "Plan Width": 56,
              "Actual Startup Time": 23.456,
              "Actual Total Time": 23.456,
              "Actual Rows": 1234,
              "Actual Loops": 1,
              "Hash Buckets": 2048,
              "Original Hash Buckets": 2048,
              "Hash Batches": 1,
              "Original Hash Batches": 1,
              "Peak Memory Usage": 125,
              "Shared Hit Blocks": 11111,
              "Shared Read Blocks": 344,
              "Shared Dirtied Blocks": 0,
              "Shared Written Blocks": 0,
              "Plans": [
                {
                  "Node Type": "Index Scan",
                  "Parent Relationship": "Outer",
                  "Parallel Aware": false,
                  "Async Capable": false,
                  "Scan Direction": "Forward",
                  "Index Name": "index_menu_items_on_company_id",
                  "Relation Name": "menu_items",
                  "Alias": "menu_items",
                  "Startup Cost": 0.56,
                  "Total Cost": 456.78,
                  "Plan Rows": 1234,
                  "Plan Width": 56,
                  "Actual Startup Time": 0.345,
                  "Actual Total Time": 23.234,
                  "Actual Rows": 1234,
                  "Actual Loops": 1,
                  "Index Cond": "(company_id = 1000)",
                  "Shared Hit Blocks": 11111,
                  "Shared Read Blocks": 344,
                  "Shared Dirtied Blocks": 0,
                  "Shared Written Blocks": 0
                }
              ]
            }
          ]
        }
      ]
    },
    "Planning Time": 2.345,
    "Triggers": [],
    "Execution Time": 157.234
  }
]
